#
# There is insufficient memory for the Java Runtime Environment to continue.
# Native memory allocation (malloc) failed to allocate 2057680 bytes for Chunk::new
# Possible reasons:
#   The system is out of physical RAM or swap space
#   The process is running with CompressedOops enabled, and the Java Heap may be blocking the growth of the native heap
# Possible solutions:
#   Reduce memory load on the system
#   Increase physical memory or swap space
#   Check if swap backing store is full
#   Decrease Java heap size (-Xmx/-Xms)
#   Decrease number of Java threads
#   Decrease Java thread stack sizes (-Xss)
#   Set larger code cache with -XX:ReservedCodeCacheSize=
#   JVM is running with Unscaled Compressed Oops mode in which the Java heap is
#     placed in the first 4GB address space. The Java Heap base address is the
#     maximum limit for the native heap growth. Please use -XX:HeapBaseMinAddress
#     to set the Java Heap base and to place the Java Heap above 4GB virtual address.
# This output file may be truncated or incomplete.
#
#  Out of Memory Error (allocation.cpp:389), pid=3944, tid=0x00000000000021e4
#
# JRE version: OpenJDK Runtime Environment (8.0_242-b01) (build 1.8.0_242-release-1644-b01)
# Java VM: OpenJDK 64-Bit Server VM (25.242-b01 mixed mode windows-amd64 compressed oops)
# Failed to write core dump. Minidumps are not enabled by default on client versions of Windows
#

---------------  T H R E A D  ---------------

Current thread (0x0000000015e1d000):  JavaThread "C2 CompilerThread1" daemon [_thread_in_native, id=8676, stack(0x0000000017590000,0x0000000017690000)]

Stack: [0x0000000017590000,0x0000000017690000]
[error occurred during error reporting (printing stack bounds), id 0xc0000005]

Native frames: (J=compiled Java code, j=interpreted, Vv=VM code, C=native code)


Current CompileTask:
C2:  50969 10285       4       org.objectweb.asm.ClassReader::readCode (5089 bytes)


---------------  P R O C E S S  ---------------

Java Threads: ( => current thread )
  0x0000000019208000 JavaThread "Cache worker for Build Output Cleanup Cache (C:\Users\Usuario\AndroidStudioProjects\ProjectMobile\.gradle\buildOutputCleanup)" [_thread_blocked, id=544, stack(0x00000000212c0000,0x00000000213c0000)]
  0x0000000019200800 JavaThread "Build operations Thread 4" [_thread_in_native, id=5008, stack(0x0000000020bc0000,0x0000000020cc0000)]
  0x0000000019206800 JavaThread "Build operations Thread 3" [_thread_in_native, id=12128, stack(0x0000000020ac0000,0x0000000020bc0000)]
  0x0000000019205800 JavaThread "Build operations Thread 2" [_thread_in_native, id=11956, stack(0x00000000209c0000,0x0000000020ac0000)]
  0x0000000019205000 JavaThread "Build operations" [_thread_in_native, id=8216, stack(0x00000000208c0000,0x00000000209c0000)]
  0x0000000019903000 JavaThread "Cache worker for execution history cache (C:\Users\Usuario\.gradle\caches\6.1.1\executionHistory)" [_thread_blocked, id=12240, stack(0x000000001e7f0000,0x000000001e8f0000)]
  0x0000000019902000 JavaThread "Cache worker for cache directory md-rule (C:\Users\Usuario\.gradle\caches\6.1.1\md-rule)" [_thread_blocked, id=14056, stack(0x000000001e6f0000,0x000000001e7f0000)]
  0x0000000019903800 JavaThread "Cache worker for cache directory md-supplier (C:\Users\Usuario\.gradle\caches\6.1.1\md-supplier)" [_thread_blocked, id=10452, stack(0x000000001e5f0000,0x000000001e6f0000)]
  0x0000000019901800 JavaThread "Cache worker for file hash cache (C:\Users\Usuario\AndroidStudioProjects\ProjectMobile\.gradle\6.1.1\fileHashes)" [_thread_blocked, id=14956, stack(0x000000001d0b0000,0x000000001d1b0000)]
  0x0000000019906800 JavaThread "Cache worker for checksums cache (C:\Users\Usuario\AndroidStudioProjects\ProjectMobile\.gradle\checksums)" [_thread_blocked, id=11456, stack(0x000000001cfb0000,0x000000001d0b0000)]
  0x0000000019906000 JavaThread "Cache worker for file hash cache (C:\Users\Usuario\.gradle\caches\6.1.1\fileHashes)" [_thread_blocked, id=12908, stack(0x000000001bbe0000,0x000000001bce0000)]
  0x0000000019bb4000 JavaThread "File lock request listener" [_thread_in_native, id=7876, stack(0x000000001bae0000,0x000000001bbe0000)]
  0x00000000198b2800 JavaThread "Cache worker for journal cache (C:\Users\Usuario\.gradle\caches\journal-1)" [_thread_blocked, id=13132, stack(0x000000001b9e0000,0x000000001bae0000)]
  0x0000000019933800 JavaThread "Thread-9" [_thread_blocked, id=2976, stack(0x000000001b6e0000,0x000000001b7e0000)]
  0x000000001994a800 JavaThread "Stdin handler" [_thread_blocked, id=13280, stack(0x000000001b5e0000,0x000000001b6e0000)]
  0x00000000198c6000 JavaThread "Asynchronous log dispatcher for DefaultDaemonConnection: socket connection from /127.0.0.1:23084 to /127.0.0.1:23085" [_thread_blocked, id=9788, stack(0x000000001b4e0000,0x000000001b5e0000)]
  0x00000000198b4000 JavaThread "Daemon worker" [_thread_blocked, id=9908, stack(0x000000001b3e0000,0x000000001b4e0000)]
  0x00000000198c0000 JavaThread "Cancel handler" [_thread_blocked, id=13672, stack(0x000000001b2e0000,0x000000001b3e0000)]
  0x000000001987f800 JavaThread "Handler for socket connection from /127.0.0.1:23084 to /127.0.0.1:23085" [_thread_in_native, id=9940, stack(0x000000001afe0000,0x000000001b0e0000)]
  0x000000001987d000 JavaThread "Daemon" [_thread_blocked, id=13044, stack(0x000000001aee0000,0x000000001afe0000)]
  0x000000001980e800 JavaThread "Daemon periodic checks" [_thread_blocked, id=13716, stack(0x000000001ade0000,0x000000001aee0000)]
  0x000000001980d000 JavaThread "Incoming local TCP Connector on port 23084" [_thread_in_native, id=13956, stack(0x000000001ab70000,0x000000001ac70000)]
  0x0000000017e49000 JavaThread "Daemon health stats" [_thread_blocked, id=15040, stack(0x000000001a530000,0x000000001a630000)]
  0x00000000177b8800 JavaThread "Service Thread" daemon [_thread_blocked, id=1652, stack(0x0000000017b90000,0x0000000017c90000)]
  0x0000000015e22000 JavaThread "C1 CompilerThread2" daemon [_thread_blocked, id=10520, stack(0x0000000017690000,0x0000000017790000)]
=>0x0000000015e1d000 JavaThread "C2 CompilerThread1" daemon [_thread_in_native, id=8676, stack(0x0000000017590000,0x0000000017690000)]
  0x0000000015e16000 JavaThread "C2 CompilerThread0" daemon [_thread_in_native, id=9368, stack(0x0000000017490000,0x0000000017590000)]
  0x0000000015e14800 JavaThread "Attach Listener" daemon [_thread_blocked, id=11440, stack(0x0000000017390000,0x0000000017490000)]
  0x0000000015e13800 JavaThread "Signal Dispatcher" daemon [_thread_blocked, id=14516, stack(0x0000000017290000,0x0000000017390000)]
  0x000000000249e000 JavaThread "Finalizer" daemon [_thread_blocked, id=8164, stack(0x0000000017070000,0x0000000017170000)]
  0x0000000002494000 JavaThread "Reference Handler" daemon [_thread_blocked, id=1404, stack(0x0000000016f70000,0x0000000017070000)]
  0x00000000023a2800 JavaThread "main" [_thread_blocked, id=2560, stack(0x00000000022a0000,0x00000000023a0000)]

Other Threads:
  0x0000000015dd6800 VMThread [stack: 0x0000000016e70000,0x0000000016f70000] [id=13668]
  0x00000000177ba000 WatcherThread [stack: 0x0000000017c90000,0x0000000017d90000] [id=14008]

VM state:not at safepoint (normal execution)

VM Mutex/Monitor currently owned by a thread: None

heap address: 0x00000000a0000000, size: 1536 MB, Compressed Oops mode: 32-bit
Narrow klass base: 0x0000000000000000, Narrow klass shift: 3
Compressed class space size: 1073741824 Address: 0x0000000100000000

Heap:
 PSYoungGen      total 477184K, used 85105K [0x00000000e0000000, 0x00000000ff480000, 0x0000000100000000)
  eden space 457216K, 14% used [0x00000000e0000000,0x00000000e3f9da60,0x00000000fbe80000)
  from space 19968K, 99% used [0x00000000fbe80000,0x00000000fd1fea98,0x00000000fd200000)
  to   space 20480K, 0% used [0x00000000fd200000,0x00000000fd200000,0x00000000fe600000)
 ParOldGen       total 101888K, used 43538K [0x00000000a0000000, 0x00000000a6380000, 0x00000000e0000000)
  object space 101888K, 42% used [0x00000000a0000000,0x00000000a2a84840,0x00000000a6380000)
 Metaspace       used 76332K, capacity 79538K, committed 79664K, reserved 1118208K
  class space    used 10141K, capacity 10736K, committed 10800K, reserved 1048576K

Card table byte_map: [0x0000000011860000,0x0000000011b70000] byte_map_base: 0x0000000011360000

Marking Bits: (ParMarkBitMap*) 0x00000000720df030
 Begin Bits: [0x0000000012170000, 0x0000000013970000)
 End Bits:   [0x0000000013970000, 0x0000000015170000)

Polling page: 0x00000000001f0000

CodeCache: size=245760Kb used=30159Kb max_used=30159Kb free=215600Kb
 bounds [0x00000000024a0000, 0x0000000004240000, 0x00000000114a0000]
 total_blobs=9840 nmethods=8975 adapters=776
 compilation: enabled

Compilation events (10 events):
Event: 50.925 Thread 0x0000000015e22000 10607       2       org.objectweb.asm.signature.SignatureWriter::visitFormalTypeParameter (42 bytes)
Event: 50.926 Thread 0x0000000015e22000 nmethod 10607 0x000000000422d310 code [0x000000000422d4c0, 0x000000000422da68]
Event: 50.927 Thread 0x0000000015e22000 10608       2       org.objectweb.asm.commons.SignatureRemapper::visitClassBound (10 bytes)
Event: 50.927 Thread 0x0000000015e22000 nmethod 10608 0x000000000422df90 code [0x000000000422e100, 0x000000000422e288]
Event: 50.927 Thread 0x0000000015e22000 10609       2       org.objectweb.asm.signature.SignatureWriter::visitClassBound (2 bytes)
Event: 50.927 Thread 0x0000000015e22000 nmethod 10609 0x000000000422e310 code [0x000000000422e460, 0x000000000422e5b0]
Event: 50.932 Thread 0x0000000015e22000 10610       2       org.objectweb.asm.commons.MethodRemapper::visitAnnotation (39 bytes)
Event: 50.933 Thread 0x0000000015e22000 nmethod 10610 0x000000000422e650 code [0x000000000422e800, 0x000000000422eb28]
Event: 50.933 Thread 0x0000000015e22000 10611       2       org.objectweb.asm.MethodVisitor::visitAnnotation (19 bytes)
Event: 50.933 Thread 0x0000000015e22000 nmethod 10611 0x000000000422ee10 code [0x000000000422ef80, 0x000000000422f108]

GC Heap History (10 events):
Event: 13.543 GC heap before
{Heap before GC invocations=12 (full 2):
 PSYoungGen      total 240640K, used 225792K [0x00000000e0000000, 0x00000000f7080000, 0x0000000100000000)
  eden space 225792K, 100% used [0x00000000e0000000,0x00000000edc80000,0x00000000edc80000)
  from space 14848K, 0% used [0x00000000edc80000,0x00000000edc80000,0x00000000eeb00000)
  to   space 14848K, 0% used [0x00000000f6200000,0x00000000f6200000,0x00000000f7080000)
 ParOldGen       total 65024K, used 12566K [0x00000000a0000000, 0x00000000a3f80000, 0x00000000e0000000)
  object space 65024K, 19% used [0x00000000a0000000,0x00000000a0c45948,0x00000000a3f80000)
 Metaspace       used 34976K, capacity 35902K, committed 36144K, reserved 1081344K
  class space    used 4626K, capacity 4887K, committed 4912K, reserved 1048576K
Event: 13.550 GC heap after
Heap after GC invocations=12 (full 2):
 PSYoungGen      total 332288K, used 7269K [0x00000000e0000000, 0x00000000f6980000, 0x0000000100000000)
  eden space 324608K, 0% used [0x00000000e0000000,0x00000000e0000000,0x00000000f3d00000)
  from space 7680K, 94% used [0x00000000f6200000,0x00000000f6919698,0x00000000f6980000)
  to   space 14336K, 0% used [0x00000000f4d80000,0x00000000f4d80000,0x00000000f5b80000)
 ParOldGen       total 65024K, used 12574K [0x00000000a0000000, 0x00000000a3f80000, 0x00000000e0000000)
  object space 65024K, 19% used [0x00000000a0000000,0x00000000a0c47948,0x00000000a3f80000)
 Metaspace       used 34976K, capacity 35902K, committed 36144K, reserved 1081344K
  class space    used 4626K, capacity 4887K, committed 4912K, reserved 1048576K
}
Event: 20.860 GC heap before
{Heap before GC invocations=13 (full 2):
 PSYoungGen      total 332288K, used 331877K [0x00000000e0000000, 0x00000000f6980000, 0x0000000100000000)
  eden space 324608K, 100% used [0x00000000e0000000,0x00000000f3d00000,0x00000000f3d00000)
  from space 7680K, 94% used [0x00000000f6200000,0x00000000f6919698,0x00000000f6980000)
  to   space 14336K, 0% used [0x00000000f4d80000,0x00000000f4d80000,0x00000000f5b80000)
 ParOldGen       total 65024K, used 12574K [0x00000000a0000000, 0x00000000a3f80000, 0x00000000e0000000)
  object space 65024K, 19% used [0x00000000a0000000,0x00000000a0c47948,0x00000000a3f80000)
 Metaspace       used 51382K, capacity 53312K, committed 53552K, reserved 1095680K
  class space    used 6778K, capacity 7176K, committed 7216K, reserved 1048576K
Event: 20.885 GC heap after
Heap after GC invocations=13 (full 2):
 PSYoungGen      total 355840K, used 14313K [0x00000000e0000000, 0x00000000fe600000, 0x0000000100000000)
  eden space 341504K, 0% used [0x00000000e0000000,0x00000000e0000000,0x00000000f4d80000)
  from space 14336K, 99% used [0x00000000f4d80000,0x00000000f5b7a5e0,0x00000000f5b80000)
  to   space 20480K, 0% used [0x00000000fd200000,0x00000000fd200000,0x00000000fe600000)
 ParOldGen       total 65024K, used 24699K [0x00000000a0000000, 0x00000000a3f80000, 0x00000000e0000000)
  object space 65024K, 37% used [0x00000000a0000000,0x00000000a181efc8,0x00000000a3f80000)
 Metaspace       used 51382K, capacity 53312K, committed 53552K, reserved 1095680K
  class space    used 6778K, capacity 7176K, committed 7216K, reserved 1048576K
}
Event: 23.348 GC heap before
{Heap before GC invocations=14 (full 2):
 PSYoungGen      total 355840K, used 75147K [0x00000000e0000000, 0x00000000fe600000, 0x0000000100000000)
  eden space 341504K, 17% used [0x00000000e0000000,0x00000000e3b68900,0x00000000f4d80000)
  from space 14336K, 99% used [0x00000000f4d80000,0x00000000f5b7a5e0,0x00000000f5b80000)
  to   space 20480K, 0% used [0x00000000fd200000,0x00000000fd200000,0x00000000fe600000)
 ParOldGen       total 65024K, used 24699K [0x00000000a0000000, 0x00000000a3f80000, 0x00000000e0000000)
  object space 65024K, 37% used [0x00000000a0000000,0x00000000a181efc8,0x00000000a3f80000)
 Metaspace       used 56860K, capacity 59044K, committed 59160K, reserved 1099776K
  class space    used 7567K, capacity 8055K, committed 8112K, reserved 1048576K
Event: 23.370 GC heap after
Heap after GC invocations=14 (full 2):
 PSYoungGen      total 477696K, used 7306K [0x00000000e0000000, 0x00000000ff480000, 0x0000000100000000)
  eden space 457216K, 0% used [0x00000000e0000000,0x00000000e0000000,0x00000000fbe80000)
  from space 20480K, 35% used [0x00000000fd200000,0x00000000fd922bb8,0x00000000fe600000)
  to   space 19968K, 0% used [0x00000000fbe80000,0x00000000fbe80000,0x00000000fd200000)
 ParOldGen       total 65024K, used 36671K [0x00000000a0000000, 0x00000000a3f80000, 0x00000000e0000000)
  object space 65024K, 56% used [0x00000000a0000000,0x00000000a23cfe98,0x00000000a3f80000)
 Metaspace       used 56860K, capacity 59044K, committed 59160K, reserved 1099776K
  class space    used 7567K, capacity 8055K, committed 8112K, reserved 1048576K
}
Event: 23.370 GC heap before
{Heap before GC invocations=15 (full 3):
 PSYoungGen      total 477696K, used 7306K [0x00000000e0000000, 0x00000000ff480000, 0x0000000100000000)
  eden space 457216K, 0% used [0x00000000e0000000,0x00000000e0000000,0x00000000fbe80000)
  from space 20480K, 35% used [0x00000000fd200000,0x00000000fd922bb8,0x00000000fe600000)
  to   space 19968K, 0% used [0x00000000fbe80000,0x00000000fbe80000,0x00000000fd200000)
 ParOldGen       total 65024K, used 36671K [0x00000000a0000000, 0x00000000a3f80000, 0x00000000e0000000)
  object space 65024K, 56% used [0x00000000a0000000,0x00000000a23cfe98,0x00000000a3f80000)
 Metaspace       used 56860K, capacity 59044K, committed 59160K, reserved 1099776K
  class space    used 7567K, capacity 8055K, committed 8112K, reserved 1048576K
Event: 23.560 GC heap after
Heap after GC invocations=15 (full 3):
 PSYoungGen      total 477696K, used 0K [0x00000000e0000000, 0x00000000ff480000, 0x0000000100000000)
  eden space 457216K, 0% used [0x00000000e0000000,0x00000000e0000000,0x00000000fbe80000)
  from space 20480K, 0% used [0x00000000fd200000,0x00000000fd200000,0x00000000fe600000)
  to   space 19968K, 0% used [0x00000000fbe80000,0x00000000fbe80000,0x00000000fd200000)
 ParOldGen       total 101888K, used 31763K [0x00000000a0000000, 0x00000000a6380000, 0x00000000e0000000)
  object space 101888K, 31% used [0x00000000a0000000,0x00000000a1f04d20,0x00000000a6380000)
 Metaspace       used 56734K, capacity 58762K, committed 59160K, reserved 1099776K
  class space    used 7531K, capacity 8011K, committed 8112K, reserved 1048576K
}
Event: 50.699 GC heap before
{Heap before GC invocations=16 (full 3):
 PSYoungGen      total 477696K, used 457216K [0x00000000e0000000, 0x00000000ff480000, 0x0000000100000000)
  eden space 457216K, 100% used [0x00000000e0000000,0x00000000fbe80000,0x00000000fbe80000)
  from space 20480K, 0% used [0x00000000fd200000,0x00000000fd200000,0x00000000fe600000)
  to   space 19968K, 0% used [0x00000000fbe80000,0x00000000fbe80000,0x00000000fd200000)
 ParOldGen       total 101888K, used 31763K [0x00000000a0000000, 0x00000000a6380000, 0x00000000e0000000)
  object space 101888K, 31% used [0x00000000a0000000,0x00000000a1f04d20,0x00000000a6380000)
 Metaspace       used 75840K, capacity 78994K, committed 79152K, reserved 1118208K
  class space    used 10096K, capacity 10704K, committed 10800K, reserved 1048576K
Event: 50.745 GC heap after
Heap after GC invocations=16 (full 3):
 PSYoungGen      total 477184K, used 19962K [0x00000000e0000000, 0x00000000ff480000, 0x0000000100000000)
  eden space 457216K, 0% used [0x00000000e0000000,0x00000000e0000000,0x00000000fbe80000)
  from space 19968K, 99% used [0x00000000fbe80000,0x00000000fd1fea98,0x00000000fd200000)
  to   space 20480K, 0% used [0x00000000fd200000,0x00000000fd200000,0x00000000fe600000)
 ParOldGen       total 101888K, used 43538K [0x00000000a0000000, 0x00000000a6380000, 0x00000000e0000000)
  object space 101888K, 42% used [0x00000000a0000000,0x00000000a2a84840,0x00000000a6380000)
 Metaspace       used 75840K, capacity 78994K, committed 79152K, reserved 1118208K
  class space    used 10096K, capacity 10704K, committed 10800K, reserved 1048576K
}

Deoptimization events (10 events):
Event: 44.984 Thread 0x0000000019205800 Uncommon trap: reason=array_check action=maybe_recompile pc=0x00000000040ad0f0 method=java.util.AbstractCollection.toArray([Ljava/lang/Object;)[Ljava/lang/Object; @ 119
Event: 45.726 Thread 0x0000000019200800 Uncommon trap: reason=speculate_class_check action=maybe_recompile pc=0x000000000356daa0 method=java.lang.StringCoding.encode(Ljava/nio/charset/Charset;[CII)[B @ 91
Event: 46.025 Thread 0x00000000198b4000 Uncommon trap: reason=speculate_class_check action=maybe_recompile pc=0x000000000356daa0 method=java.lang.StringCoding.encode(Ljava/nio/charset/Charset;[CII)[B @ 91
Event: 46.775 Thread 0x00000000198b4000 Uncommon trap: reason=unstable_if action=reinterpret pc=0x0000000003bd55a8 method=com.sun.org.apache.xerces.internal.dom.ParentNode.nodeListGetLength()I @ 11
Event: 46.933 Thread 0x00000000198b4000 Uncommon trap: reason=speculate_class_check action=maybe_recompile pc=0x000000000356daa0 method=java.lang.StringCoding.encode(Ljava/nio/charset/Charset;[CII)[B @ 91
Event: 47.261 Thread 0x0000000019205000 Uncommon trap: reason=unstable_if action=reinterpret pc=0x0000000003a512c0 method=java.util.regex.Pattern$Curly.match(Ljava/util/regex/Matcher;ILjava/lang/CharSequence;)Z @ 45
Event: 47.809 Thread 0x0000000019206800 Uncommon trap: reason=unstable_if action=reinterpret pc=0x00000000040e0260 method=com.sun.org.apache.xerces.internal.impl.XMLEntityScanner.scanContent(Lcom/sun/org/apache/xerces/internal/xni/XMLString;)I @ 670
Event: 50.307 Thread 0x0000000019206800 Uncommon trap: reason=unstable_if action=reinterpret pc=0x0000000002d8e200 method=java.io.PushbackInputStream.read([BII)I @ 122
Event: 50.455 Thread 0x0000000019205000 Uncommon trap: reason=unstable_if action=reinterpret pc=0x0000000002ed7f4c method=com.google.common.cache.LongAdder.add(J)V @ 24
Event: 50.793 Thread 0x0000000019205800 Uncommon trap: reason=unstable_if action=reinterpret pc=0x00000000030ad384 method=kotlin.text.StringsKt__StringsKt.contains(Ljava/lang/CharSequence;CZ)Z @ 16

Classes redefined (0 events):
No events

Internal exceptions (10 events):
Event: 49.454 Thread 0x0000000019206800 Exception <a 'java/net/SocketTimeoutException': Read timed out> (0x00000000f9c8fe08) thrown at [C:\src\AOSP-openjdk-git\hotspot\src\share\vm\prims\jni.cpp, line 737]
Event: 49.454 Thread 0x0000000019205800 Exception <a 'java/net/SocketTimeoutException': Read timed out> (0x00000000f9a84c10) thrown at [C:\src\AOSP-openjdk-git\hotspot\src\share\vm\prims\jni.cpp, line 737]
Event: 49.454 Thread 0x0000000019200800 Exception <a 'java/net/SocketTimeoutException': Read timed out> (0x00000000f9c390e8) thrown at [C:\src\AOSP-openjdk-git\hotspot\src\share\vm\prims\jni.cpp, line 737]
Event: 49.776 Thread 0x0000000019200800 Exception <a 'java/net/SocketTimeoutException': Read timed out> (0x00000000f9d28fd8) thrown at [C:\src\AOSP-openjdk-git\hotspot\src\share\vm\prims\jni.cpp, line 737]
Event: 50.309 Thread 0x0000000019206800 Exception <a 'sun/nio/fs/WindowsException'> (0x00000000fa0ce300) thrown at [C:\src\AOSP-openjdk-git\hotspot\src\share\vm\prims\jni.cpp, line 710]
Event: 50.350 Thread 0x0000000019205000 Exception <a 'sun/nio/fs/WindowsException'> (0x00000000fa517d18) thrown at [C:\src\AOSP-openjdk-git\hotspot\src\share\vm\prims\jni.cpp, line 710]
Event: 50.782 Thread 0x0000000019200800 Exception <a 'sun/nio/fs/WindowsException'> (0x00000000e0b4e2a0) thrown at [C:\src\AOSP-openjdk-git\hotspot\src\share\vm\prims\jni.cpp, line 710]
Event: 50.884 Thread 0x0000000019205000 Exception <a 'sun/nio/fs/WindowsException'> (0x00000000e2ea08c0) thrown at [C:\src\AOSP-openjdk-git\hotspot\src\share\vm\prims\jni.cpp, line 710]
Event: 50.900 Thread 0x0000000019205800 Exception <a 'sun/nio/fs/WindowsException'> (0x00000000e3298778) thrown at [C:\src\AOSP-openjdk-git\hotspot\src\share\vm\prims\jni.cpp, line 710]
Event: 50.915 Thread 0x0000000019206800 Exception <a 'sun/nio/fs/WindowsException'> (0x00000000e0175e48) thrown at [C:\src\AOSP-openjdk-git\hotspot\src\share\vm\prims\jni.cpp, line 710]

Events (10 events):
Event: 50.872 loading class org/jdom2/filter/ElementFilter
Event: 50.872 loading class org/jdom2/filter/ElementFilter done
Event: 50.873 loading class org/jdom2/filter/AbstractFilter
Event: 50.873 loading class org/jdom2/filter/AbstractFilter done
Event: 50.873 loading class org/jdom2/ContentList$FilterList
Event: 50.873 loading class org/jdom2/ContentList$FilterList done
Event: 50.875 loading class org/jdom2/ContentList$FilterListIterator
Event: 50.875 loading class org/jdom2/ContentList$FilterListIterator done
Event: 50.876 loading class org/jdom2/ContentList$CLIterator
Event: 50.876 loading class org/jdom2/ContentList$CLIterator done


Dynamic libraries:
0x00007ff6cff50000 - 0x00007ff6cff81000 	C:\Program Files\Android\Android Studio\jre\bin\java.exe
0x00007fff7db40000 - 0x00007fff7dd30000 	C:\WINDOWS\SYSTEM32\ntdll.dll
0x00007fff7c200000 - 0x00007fff7c2b2000 	C:\WINDOWS\System32\KERNEL32.DLL
0x00007fff7b500000 - 0x00007fff7b7a5000 	C:\WINDOWS\System32\KERNELBASE.dll
0x00007fff7c710000 - 0x00007fff7c7b3000 	C:\WINDOWS\System32\ADVAPI32.dll
0x00007fff7bda0000 - 0x00007fff7be3e000 	C:\WINDOWS\System32\msvcrt.dll
0x00007fff7be40000 - 0x00007fff7bed7000 	C:\WINDOWS\System32\sechost.dll
0x00007fff7cb00000 - 0x00007fff7cc20000 	C:\WINDOWS\System32\RPCRT4.dll
0x00007fff7c570000 - 0x00007fff7c705000 	C:\WINDOWS\System32\USER32.dll
0x00007fff7bb70000 - 0x00007fff7bb91000 	C:\WINDOWS\System32\win32u.dll
0x00007fff7cc20000 - 0x00007fff7cc46000 	C:\WINDOWS\System32\GDI32.dll
0x00007fff7b9d0000 - 0x00007fff7bb66000 	C:\WINDOWS\System32\gdi32full.dll
0x00007fff7b400000 - 0x00007fff7b49e000 	C:\WINDOWS\System32\msvcp_win.dll
0x00007fff7aad0000 - 0x00007fff7abca000 	C:\WINDOWS\System32\ucrtbase.dll
0x00007fff633d0000 - 0x00007fff63654000 	C:\WINDOWS\WinSxS\amd64_microsoft.windows.common-controls_6595b64144ccf1df_6.0.18362.1082_none_9e8193e1e45b25c1\COMCTL32.dll
0x00007fff7c7c0000 - 0x00007fff7caf5000 	C:\WINDOWS\System32\combase.dll
0x00007fff7b950000 - 0x00007fff7b9d0000 	C:\WINDOWS\System32\bcryptPrimitives.dll
0x00007fff7c1d0000 - 0x00007fff7c1fe000 	C:\WINDOWS\System32\IMM32.DLL
0x0000000071580000 - 0x0000000071652000 	C:\Program Files\Android\Android Studio\jre\jre\bin\msvcr100.dll
0x0000000071910000 - 0x000000007215b000 	C:\Program Files\Android\Android Studio\jre\jre\bin\server\jvm.dll
0x00007fff7cd00000 - 0x00007fff7cd08000 	C:\WINDOWS\System32\PSAPI.DLL
0x00007fff78570000 - 0x00007fff78594000 	C:\WINDOWS\SYSTEM32\WINMM.dll
0x00007fff66210000 - 0x00007fff66219000 	C:\WINDOWS\SYSTEM32\WSOCK32.dll
0x00007fff75710000 - 0x00007fff7571a000 	C:\WINDOWS\SYSTEM32\VERSION.dll
0x00007fff7c480000 - 0x00007fff7c4ef000 	C:\WINDOWS\System32\WS2_32.dll
0x00007fff78540000 - 0x00007fff7856d000 	C:\WINDOWS\SYSTEM32\WINMMBASE.dll
0x00007fff7b7b0000 - 0x00007fff7b7fa000 	C:\WINDOWS\System32\cfgmgr32.dll
0x00007fff785d0000 - 0x00007fff785df000 	C:\Program Files\Android\Android Studio\jre\jre\bin\verify.dll
0x00007fff71b60000 - 0x00007fff71b89000 	C:\Program Files\Android\Android Studio\jre\jre\bin\java.dll
0x00007fff71b40000 - 0x00007fff71b56000 	C:\Program Files\Android\Android Studio\jre\jre\bin\zip.dll
0x00007fff7cd10000 - 0x00007fff7d3f7000 	C:\WINDOWS\System32\SHELL32.dll
0x00007fff7cc50000 - 0x00007fff7ccf9000 	C:\WINDOWS\System32\shcore.dll
0x00007fff7ac80000 - 0x00007fff7b400000 	C:\WINDOWS\System32\windows.storage.dll
0x00007fff7aa80000 - 0x00007fff7aaa3000 	C:\WINDOWS\System32\profapi.dll
0x00007fff7aa10000 - 0x00007fff7aa5a000 	C:\WINDOWS\System32\powrprof.dll
0x00007fff7aa00000 - 0x00007fff7aa10000 	C:\WINDOWS\System32\UMPDC.dll
0x00007fff7bf90000 - 0x00007fff7bfe2000 	C:\WINDOWS\System32\shlwapi.dll
0x00007fff7aab0000 - 0x00007fff7aac1000 	C:\WINDOWS\System32\kernel.appcore.dll
0x00007fff7bbd0000 - 0x00007fff7bbe7000 	C:\WINDOWS\System32\cryptsp.dll
0x00007fff70f10000 - 0x00007fff70f2a000 	C:\Program Files\Android\Android Studio\jre\jre\bin\net.dll
0x00007fff7a1f0000 - 0x00007fff7a257000 	C:\WINDOWS\system32\mswsock.dll
0x00007fff709d0000 - 0x00007fff709e3000 	C:\Program Files\Android\Android Studio\jre\jre\bin\nio.dll
0x00007fff6e8f0000 - 0x00007fff6e916000 	C:\Users\Usuario\.gradle\native\31\windows-amd64\native-platform.dll
0x00007fff70a50000 - 0x00007fff70a5d000 	C:\Program Files\Android\Android Studio\jre\jre\bin\management.dll
0x00007fff79d60000 - 0x00007fff79d93000 	C:\WINDOWS\system32\rsaenh.dll
0x00007fff7bba0000 - 0x00007fff7bbc6000 	C:\WINDOWS\System32\bcrypt.dll
0x00007fff7a920000 - 0x00007fff7a945000 	C:\WINDOWS\SYSTEM32\USERENV.dll
0x00007fff7a3c0000 - 0x00007fff7a3cc000 	C:\WINDOWS\SYSTEM32\CRYPTBASE.dll
0x00007fff79f00000 - 0x00007fff79f3a000 	C:\WINDOWS\SYSTEM32\IPHLPAPI.DLL
0x00007fff7d4d0000 - 0x00007fff7d4d8000 	C:\WINDOWS\System32\NSI.dll
0x00007fff6f510000 - 0x00007fff6f526000 	C:\WINDOWS\SYSTEM32\dhcpcsvc6.DLL
0x00007fff71a10000 - 0x00007fff71a2c000 	C:\WINDOWS\SYSTEM32\dhcpcsvc.DLL
0x00007fff79f40000 - 0x00007fff7a00b000 	C:\WINDOWS\SYSTEM32\DNSAPI.dll
0x00007fff70970000 - 0x00007fff70994000 	C:\Program Files\Android\Android Studio\jre\jre\bin\sunec.dll
0x00007fff67300000 - 0x00007fff6730a000 	C:\Windows\System32\rasadhlp.dll
0x00007fff6e1f0000 - 0x00007fff6e267000 	C:\WINDOWS\System32\fwpuclnt.dll
0x00007fff71b30000 - 0x00007fff71b3b000 	C:\Program Files\Android\Android Studio\jre\jre\bin\sunmscapi.dll
0x00007fff7b800000 - 0x00007fff7b949000 	C:\WINDOWS\System32\CRYPT32.dll
0x00007fff7aa60000 - 0x00007fff7aa72000 	C:\WINDOWS\System32\MSASN1.dll
0x00007fff79a40000 - 0x00007fff79a71000 	C:\WINDOWS\SYSTEM32\ntmarta.dll

VM Arguments:
jvm_args: -Xmx1536m -Dfile.encoding=windows-1252 -Duser.country=EC -Duser.language=es -Duser.variant 
java_command: org.gradle.launcher.daemon.bootstrap.GradleDaemon 6.1.1
java_class_path (initial): C:\Users\Usuario\.gradle\wrapper\dists\gradle-6.1.1-all\cfmwm155h49vnt3hynmlrsdst\gradle-6.1.1\lib\gradle-launcher-6.1.1.jar
Launcher Type: SUN_STANDARD

Environment Variables:
JAVA_HOME=C:\Program Files\RedHat\java-11-openjdk-11.0.8-2
CLASSPATH=C:\Program Files\RedHat\java-11-openjdk-11.0.8-2\lib\*.jar
PATH=C:\oraclexe\app\oracle\product\11.2.0\server\bin;C:\Program Files (x86)\Intel\iCLS Client\;C:\Program Files\Intel\iCLS Client\;C:\WINDOWS\system32;C:\WINDOWS;C:\WINDOWS\System32\Wbem;C:\Program Files\RedHat\java-11-openjdk-11.0.8-2\bin;C:\WINDOWS\System32\WindowsPowerShell\v1.0\;C:\Program Files (x86)\Intel\Intel(R) Management Engine Components\DAL;C:\Program Files\Intel\Intel(R) Management Engine Components\DAL;C:\Program Files (x86)\Intel\Intel(R) Management Engine Components\IPT;C:\Program Files\Intel\Intel(R) Management Engine Components\IPT;C:\Program Files\Java\jdk1.8.0_161\bin;C:\WINDOWS\System32\OpenSSH\;C:\Program Files\Git\cmd;C:\xampp\php;C:\ProgramData\ComposerSetup\bin;C:\apache-tomcat-9.0.0.M10\bin;C:\Program Files\nodejs\;C:\Users\Usuario\AppData\Local\Microsoft\WindowsApps;C:\Users\Usuario\AppData\Local\Programs\MiKTeX 2.9\miktex\bin\x64\;C:\Users\Usuario\AppData\Roaming\Composer\vendor\bin;C:\Program Files\Java\jdk-11.0.8\bin;C:\Users\Usuario\AppData\Local\Programs\Microsoft VS Code\bin;C:\Program Files\RedHat\java-11-openjdk-11.0.8-2\bin;C:\Users\Usuario\AppData\Roaming\npm
USERNAME=Usuario
OS=Windows_NT
PROCESSOR_IDENTIFIER=Intel64 Family 6 Model 142 Stepping 9, GenuineIntel



---------------  S Y S T E M  ---------------

OS: Windows 10.0 , 64 bit Build 18362 (10.0.18362.1082)

CPU:total 4 (initial active 4) (2 cores per cpu, 2 threads per core) family 6 model 142 stepping 9, cmov, cx8, fxsr, mmx, sse, sse2, sse3, ssse3, sse4.1, sse4.2, popcnt, avx, avx2, aes, clmul, erms, 3dnowpref, lzcnt, ht, tsc, tscinvbit, bmi1, bmi2, adx

Memory: 4k page, physical 8303524k(1276552k free), swap 8303524k(5808k free)

vm_info: OpenJDK 64-Bit Server VM (25.242-b01) for windows-amd64 JRE (1.8.0_242-release-1644-b01), built by "builder" with MS VC++ 10.0 (VS2010)

time: Sun Sep 27 16:47:36 2020
timezone: Hora est. Pacífico, Sudamérica
elapsed time: 51 seconds (0d 0h 0m 51s)

